#
# A fatal error has been detected by the Java Runtime Environment:
#
#  SIGSEGV (0xb) at pc=0x00007f2ec5eae0dd, pid=3768, tid=3769
#
# JRE version: OpenJDK Runtime Environment (11.0.4+10) (build 11.0.4+10-b304.69)
# Java VM: OpenJDK 64-Bit Server VM (11.0.4+10-b304.69, mixed mode, tiered, compressed oops, serial gc, linux-amd64)
# Problematic frame:
# C  [libc.so.6+0x950dd]
[timeout occurred during error reporting in step "printing problematic frame"] after 30 s.
# Core dump will be written. Default location: Core dumps may be processed with "/usr/share/apport/apport %p %s %c %d %P" (or dumping to /home/thomas/IdeaProjects/ARO_Decoupe/core.3768)
#
# If you would like to submit a bug report, please visit:
#   http://bugreport.java.com/bugreport/crash.jsp
#

---------------  S U M M A R Y ------------

Command Line: -Djava.library.path=/usr/lib/x86_64-linux-gnu/jni/ -javaagent:/home/thomas/Desktop/ideaIU-2019.2.3/idea-IU-192.6817.14/lib/idea_rt.jar=46745:/home/thomas/Desktop/ideaIU-2019.2.3/idea-IU-192.6817.14/bin -Dfile.encoding=UTF-8 app

Host: Intel(R) Core(TM) i7-7700K CPU @ 4.20GHz, 
[timeout occurred during error reporting in step "printing summary machine and OS info"] after 30 s.
Time: Mon Oct 14 01:32:27 2019 PDT elapsed time: 92 seconds (0d 0h 1m 32s)

---------------  T H R E A D  ---------------

Current thread (0x00007f2ec0013000):  JavaThread "main" [_thread_in_vm, id=3769, stack(0x00007f2ec6b69000,0x00007f2ec6c6a000)]

Stack: [0x00007f2ec6b69000,0x00007f2ec6c6a000],  sp=0x00007f2ec6c67650,  free space=1017k
Native frames: (J=compiled Java code, A=aot compiled Java code, j=interpreted, Vv=VM code, C=native code)
C  [libc.so.6+0x950dd]
------ Timeout during error reporting after 120 s. ------
